<?xml version="1.0" encoding="UTF-8"?>
<robot generator="Robot 5.0 (Python 3.10.4 on win32)" generated="20220707 16:59:53.997" rpa="false" schemaversion="3">
<suite id="s1" name="Frames" source="C:\robotpractice\TestCases\frames.robot">
<test id="s1-t1" name="FramesTest" line="10">
<kw name="Open Browser" library="SeleniumLibrary">
<arg>${url}</arg>
<arg>${browser}</arg>
<doc>Opens a new browser instance to the optional ``url``.</doc>
<msg timestamp="20220707 16:59:54.224" level="INFO">Opening browser 'chrome' to base url 'https://www.selenium.dev/selenium/docs/api/java/index.html?help-doc.html'.</msg>
<status status="PASS" starttime="20220707 16:59:54.223" endtime="20220707 16:59:58.569"/>
</kw>
<kw name="Maximize Browser Window" library="SeleniumLibrary">
<doc>Maximizes current browser window.</doc>
<status status="PASS" starttime="20220707 16:59:58.570" endtime="20220707 16:59:58.692"/>
</kw>
<kw name="Select Frame" library="SeleniumLibrary">
<arg>packageListFrame</arg>
<doc>Sets frame identified by ``locator`` as the current frame.</doc>
<msg timestamp="20220707 16:59:58.693" level="INFO">Selecting frame 'packageListFrame'.</msg>
<status status="PASS" starttime="20220707 16:59:58.693" endtime="20220707 16:59:58.817"/>
</kw>
<kw name="Click Link" library="SeleniumLibrary">
<arg>org.openqa.selenium</arg>
<doc>Clicks a link identified by ``locator``.</doc>
<msg timestamp="20220707 16:59:58.818" level="INFO">Clicking link 'org.openqa.selenium'.</msg>
<status status="PASS" starttime="20220707 16:59:58.818" endtime="20220707 16:59:58.909"/>
</kw>
<kw name="Unselect Frame" library="SeleniumLibrary">
<doc>Sets the main frame as the current frame.</doc>
<status status="PASS" starttime="20220707 16:59:58.909" endtime="20220707 16:59:58.911"/>
</kw>
<kw name="Select Frame" library="SeleniumLibrary">
<arg>packageFrame</arg>
<doc>Sets frame identified by ``locator`` as the current frame.</doc>
<msg timestamp="20220707 16:59:58.912" level="INFO">Selecting frame 'packageFrame'.</msg>
<status status="PASS" starttime="20220707 16:59:58.911" endtime="20220707 16:59:59.156"/>
</kw>
<kw name="Click Link" library="SeleniumLibrary">
<arg>WebDriver</arg>
<doc>Clicks a link identified by ``locator``.</doc>
<msg timestamp="20220707 16:59:59.157" level="INFO">Clicking link 'WebDriver'.</msg>
<status status="PASS" starttime="20220707 16:59:59.157" endtime="20220707 16:59:59.227"/>
</kw>
<kw name="Unselect Frame" library="SeleniumLibrary">
<doc>Sets the main frame as the current frame.</doc>
<status status="PASS" starttime="20220707 16:59:59.228" endtime="20220707 16:59:59.231"/>
</kw>
<kw name="Select Frame" library="SeleniumLibrary">
<arg>classFrame</arg>
<doc>Sets frame identified by ``locator`` as the current frame.</doc>
<msg timestamp="20220707 16:59:59.232" level="INFO">Selecting frame 'classFrame'.</msg>
<status status="PASS" starttime="20220707 16:59:59.232" endtime="20220707 16:59:59.801"/>
</kw>
<kw name="Click Link" library="SeleniumLibrary">
<arg>Index</arg>
<doc>Clicks a link identified by ``locator``.</doc>
<msg timestamp="20220707 16:59:59.802" level="INFO">Clicking link 'Index'.</msg>
<status status="PASS" starttime="20220707 16:59:59.802" endtime="20220707 17:00:01.134"/>
</kw>
<kw name="Unselect Frame" library="SeleniumLibrary">
<doc>Sets the main frame as the current frame.</doc>
<status status="PASS" starttime="20220707 17:00:01.135" endtime="20220707 17:00:01.157"/>
</kw>
<kw name="Close Browser" library="SeleniumLibrary">
<doc>Closes the current browser.</doc>
<status status="PASS" starttime="20220707 17:00:01.157" endtime="20220707 17:00:03.244"/>
</kw>
<status status="PASS" starttime="20220707 16:59:54.223" endtime="20220707 17:00:03.244"/>
</test>
<status status="PASS" starttime="20220707 16:59:54.013" endtime="20220707 17:00:03.244"/>
</suite>
<statistics>
<total>
<stat pass="1" fail="0" skip="0">All Tests</stat>
</total>
<tag>
</tag>
<suite>
<stat pass="1" fail="0" skip="0" id="s1" name="Frames">Frames</stat>
</suite>
</statistics>
<errors>
</errors>
</robot>
